{"uuid":"012d1278-0c56-4d56-bbca-89913457c2dd","historyId":"dd3abb4ee26045bed0a152f30dfa2927","fullName":"Array feature: Arrays in Python","labels":[{"name":"host","value":"DESKTOP-VM85FTM"},{"name":"thread","value":"27948@DESKTOP-VM85FTM.main(1)"},{"name":"feature","value":"Array feature"},{"name":"story","value":"Arrays in Python"},{"name":"suite","value":"Array feature"},{"name":"testClass","value":"Arrays in Python"},{"name":"framework","value":"cucumber4jvm"},{"name":"language","value":"java"},{"name":"gherkin_uri","value":"file:///E:/Narmadha%20SDET/DSALGO_2/src/test/resources/Features/TC05_Array.feature"},{"name":"package","value":"src.test.resources.Features.TC05_Array_feature.Array feature"}],"links":[],"name":"Arrays in Python","status":"broken","statusDetails":{"known":false,"muted":false,"flaky":false,"message":"unexpected alert open: {Alert text : NameError: name 'Hello' is not defined on line 1}\n  (Session info: chrome=112.0.5615.86): NameError: name 'Hello' is not defined on line 1\nBuild info: version: '4.8.2', revision: '826dbfc730'\nSystem info: os.name: 'Windows 10', os.arch: 'amd64', os.version: '10.0', java.version: '19.0.2'\nDriver info: org.openqa.selenium.chrome.ChromeDriver\nCommand: [e66430044461f2acaed6a90842c24b0a, findElement {using=xpath, value=//h5[text()='Array']/..//a[text()='Get Started']}]\nCapabilities {acceptInsecureCerts: false, browserName: chrome, browserVersion: 112.0.5615.86, chrome: {chromedriverVersion: 112.0.5615.49 (bd2a7bcb881c..., userDataDir: C:\\Users\\sabar\\AppData\\Loca...}, goog:chromeOptions: {debuggerAddress: localhost:52086}, networkConnectionEnabled: false, pageLoadStrategy: normal, platformName: WINDOWS, proxy: Proxy(), se:cdp: ws://localhost:52086/devtoo..., se:cdpVersion: 112.0.5615.86, setWindowRect: true, strictFileInteractability: false, timeouts: {implicit: 0, pageLoad: 300000, script: 30000}, unhandledPromptBehavior: dismiss and notify, webauthn:extension:credBlob: true, webauthn:extension:largeBlob: true, webauthn:extension:minPinLength: true, webauthn:extension:prf: true, webauthn:virtualAuthenticators: true}\nSession ID: e66430044461f2acaed6a90842c24b0a","trace":"org.openqa.selenium.UnhandledAlertException: unexpected alert open: {Alert text : NameError: name 'Hello' is not defined on line 1}\n  (Session info: chrome=112.0.5615.86): NameError: name 'Hello' is not defined on line 1\nBuild info: version: '4.8.2', revision: '826dbfc730'\nSystem info: os.name: 'Windows 10', os.arch: 'amd64', os.version: '10.0', java.version: '19.0.2'\nDriver info: org.openqa.selenium.chrome.ChromeDriver\nCommand: [e66430044461f2acaed6a90842c24b0a, findElement {using=xpath, value=//h5[text()='Array']/..//a[text()='Get Started']}]\nCapabilities {acceptInsecureCerts: false, browserName: chrome, browserVersion: 112.0.5615.86, chrome: {chromedriverVersion: 112.0.5615.49 (bd2a7bcb881c..., userDataDir: C:\\Users\\sabar\\AppData\\Loca...}, goog:chromeOptions: {debuggerAddress: localhost:52086}, networkConnectionEnabled: false, pageLoadStrategy: normal, platformName: WINDOWS, proxy: Proxy(), se:cdp: ws://localhost:52086/devtoo..., se:cdpVersion: 112.0.5615.86, setWindowRect: true, strictFileInteractability: false, timeouts: {implicit: 0, pageLoad: 300000, script: 30000}, unhandledPromptBehavior: dismiss and notify, webauthn:extension:credBlob: true, webauthn:extension:largeBlob: true, webauthn:extension:minPinLength: true, webauthn:extension:prf: true, webauthn:virtualAuthenticators: true}\nSession ID: e66430044461f2acaed6a90842c24b0a\r\n\tat org.openqa.selenium.remote.codec.w3c.W3CHttpResponseCodec.decode(W3CHttpResponseCodec.java:131)\r\n\tat org.openqa.selenium.remote.codec.w3c.W3CHttpResponseCodec.decode(W3CHttpResponseCodec.java:53)\r\n\tat org.openqa.selenium.remote.HttpCommandExecutor.execute(HttpCommandExecutor.java:193)\r\n\tat org.openqa.selenium.remote.service.DriverCommandExecutor.invokeExecute(DriverCommandExecutor.java:183)\r\n\tat org.openqa.selenium.remote.service.DriverCommandExecutor.execute(DriverCommandExecutor.java:158)\r\n\tat org.openqa.selenium.remote.RemoteWebDriver.execute(RemoteWebDriver.java:543)\r\n\tat org.openqa.selenium.remote.ElementLocation$ElementFinder$2.findElement(ElementLocation.java:162)\r\n\tat org.openqa.selenium.remote.ElementLocation.findElement(ElementLocation.java:60)\r\n\tat org.openqa.selenium.remote.RemoteWebDriver.findElement(RemoteWebDriver.java:352)\r\n\tat org.openqa.selenium.remote.RemoteWebDriver.findElement(RemoteWebDriver.java:344)\r\n\tat org.openqa.selenium.support.pagefactory.DefaultElementLocator.findElement(DefaultElementLocator.java:70)\r\n\tat org.openqa.selenium.support.pagefactory.internal.LocatingElementHandler.invoke(LocatingElementHandler.java:39)\r\n\tat jdk.proxy2/jdk.proxy2.$Proxy27.click(Unknown Source)\r\n\tat PageObjectModel.ArrayPOM.clickOnGetStartedArray(ArrayPOM.java:97)\r\n\tat StepDefinition.ArraySD.the_user_click_on_get_started_button_in_array(ArraySD.java:15)\r\n\tat ✽.The user click on Get started button in Array(file:///E:/Narmadha%20SDET/DSALGO_2/src/test/resources/Features/TC05_Array.feature:17)\r\n"},"stage":"finished","steps":[{"name":"When  The user click on Get started button in Array","status":"broken","statusDetails":{"known":false,"muted":false,"flaky":false,"message":"unexpected alert open: {Alert text : NameError: name 'Hello' is not defined on line 1}\n  (Session info: chrome=112.0.5615.86): NameError: name 'Hello' is not defined on line 1\nBuild info: version: '4.8.2', revision: '826dbfc730'\nSystem info: os.name: 'Windows 10', os.arch: 'amd64', os.version: '10.0', java.version: '19.0.2'\nDriver info: org.openqa.selenium.chrome.ChromeDriver\nCommand: [e66430044461f2acaed6a90842c24b0a, findElement {using=xpath, value=//h5[text()='Array']/..//a[text()='Get Started']}]\nCapabilities {acceptInsecureCerts: false, browserName: chrome, browserVersion: 112.0.5615.86, chrome: {chromedriverVersion: 112.0.5615.49 (bd2a7bcb881c..., userDataDir: C:\\Users\\sabar\\AppData\\Loca...}, goog:chromeOptions: {debuggerAddress: localhost:52086}, networkConnectionEnabled: false, pageLoadStrategy: normal, platformName: WINDOWS, proxy: Proxy(), se:cdp: ws://localhost:52086/devtoo..., se:cdpVersion: 112.0.5615.86, setWindowRect: true, strictFileInteractability: false, timeouts: {implicit: 0, pageLoad: 300000, script: 30000}, unhandledPromptBehavior: dismiss and notify, webauthn:extension:credBlob: true, webauthn:extension:largeBlob: true, webauthn:extension:minPinLength: true, webauthn:extension:prf: true, webauthn:virtualAuthenticators: true}\nSession ID: e66430044461f2acaed6a90842c24b0a","trace":"org.openqa.selenium.UnhandledAlertException: unexpected alert open: {Alert text : NameError: name 'Hello' is not defined on line 1}\n  (Session info: chrome=112.0.5615.86): NameError: name 'Hello' is not defined on line 1\nBuild info: version: '4.8.2', revision: '826dbfc730'\nSystem info: os.name: 'Windows 10', os.arch: 'amd64', os.version: '10.0', java.version: '19.0.2'\nDriver info: org.openqa.selenium.chrome.ChromeDriver\nCommand: [e66430044461f2acaed6a90842c24b0a, findElement {using=xpath, value=//h5[text()='Array']/..//a[text()='Get Started']}]\nCapabilities {acceptInsecureCerts: false, browserName: chrome, browserVersion: 112.0.5615.86, chrome: {chromedriverVersion: 112.0.5615.49 (bd2a7bcb881c..., userDataDir: C:\\Users\\sabar\\AppData\\Loca...}, goog:chromeOptions: {debuggerAddress: localhost:52086}, networkConnectionEnabled: false, pageLoadStrategy: normal, platformName: WINDOWS, proxy: Proxy(), se:cdp: ws://localhost:52086/devtoo..., se:cdpVersion: 112.0.5615.86, setWindowRect: true, strictFileInteractability: false, timeouts: {implicit: 0, pageLoad: 300000, script: 30000}, unhandledPromptBehavior: dismiss and notify, webauthn:extension:credBlob: true, webauthn:extension:largeBlob: true, webauthn:extension:minPinLength: true, webauthn:extension:prf: true, webauthn:virtualAuthenticators: true}\nSession ID: e66430044461f2acaed6a90842c24b0a\r\n\tat org.openqa.selenium.remote.codec.w3c.W3CHttpResponseCodec.decode(W3CHttpResponseCodec.java:131)\r\n\tat org.openqa.selenium.remote.codec.w3c.W3CHttpResponseCodec.decode(W3CHttpResponseCodec.java:53)\r\n\tat org.openqa.selenium.remote.HttpCommandExecutor.execute(HttpCommandExecutor.java:193)\r\n\tat org.openqa.selenium.remote.service.DriverCommandExecutor.invokeExecute(DriverCommandExecutor.java:183)\r\n\tat org.openqa.selenium.remote.service.DriverCommandExecutor.execute(DriverCommandExecutor.java:158)\r\n\tat org.openqa.selenium.remote.RemoteWebDriver.execute(RemoteWebDriver.java:543)\r\n\tat org.openqa.selenium.remote.ElementLocation$ElementFinder$2.findElement(ElementLocation.java:162)\r\n\tat org.openqa.selenium.remote.ElementLocation.findElement(ElementLocation.java:60)\r\n\tat org.openqa.selenium.remote.RemoteWebDriver.findElement(RemoteWebDriver.java:352)\r\n\tat org.openqa.selenium.remote.RemoteWebDriver.findElement(RemoteWebDriver.java:344)\r\n\tat org.openqa.selenium.support.pagefactory.DefaultElementLocator.findElement(DefaultElementLocator.java:70)\r\n\tat org.openqa.selenium.support.pagefactory.internal.LocatingElementHandler.invoke(LocatingElementHandler.java:39)\r\n\tat jdk.proxy2/jdk.proxy2.$Proxy27.click(Unknown Source)\r\n\tat PageObjectModel.ArrayPOM.clickOnGetStartedArray(ArrayPOM.java:97)\r\n\tat StepDefinition.ArraySD.the_user_click_on_get_started_button_in_array(ArraySD.java:15)\r\n\tat ✽.The user click on Get started button in Array(file:///E:/Narmadha%20SDET/DSALGO_2/src/test/resources/Features/TC05_Array.feature:17)\r\n"},"stage":"finished","steps":[],"attachments":[],"parameters":[],"start":1681499907429,"stop":1681499907486},{"name":"When  The user click the link  with title Arrays in Python","status":"skipped","statusDetails":{"known":false,"muted":false,"flaky":false},"stage":"finished","steps":[],"attachments":[],"parameters":[],"start":1681499907533,"stop":1681499907539},{"name":"Then  The user click on Arrays in Python Try here","status":"skipped","statusDetails":{"known":false,"muted":false,"flaky":false},"stage":"finished","steps":[],"attachments":[],"parameters":[],"start":1681499907546,"stop":1681499907548},{"name":"And  The user input the Python code in Arrays in Python","status":"skipped","statusDetails":{"known":false,"muted":false,"flaky":false},"stage":"finished","steps":[],"attachments":[],"parameters":[],"start":1681499907555,"stop":1681499907563},{"name":"Then  The user click on Arrays in Python run button","status":"skipped","statusDetails":{"known":false,"muted":false,"flaky":false},"stage":"finished","steps":[],"attachments":[],"parameters":[],"start":1681499907565,"stop":1681499907566},{"name":"Then  user is navigated to home page \"https://dsportalapp.herokuapp.com/home\"","status":"skipped","statusDetails":{"known":false,"muted":false,"flaky":false},"stage":"finished","steps":[],"attachments":[],"parameters":[],"start":1681499907576,"stop":1681499907577}],"attachments":[],"parameters":[],"start":1681499907422,"stop":1681499907580}