{"uuid":"1285164f-670c-41ca-b246-fb0369580a75","historyId":"4c41c1f7846b6cde7dde0258a3b4db34","fullName":"Array feature: Max Consecutive Ones","labels":[{"name":"host","value":"DESKTOP-VM85FTM"},{"name":"thread","value":"39352@DESKTOP-VM85FTM.main(1)"},{"name":"feature","value":"Array feature"},{"name":"story","value":"Max Consecutive Ones"},{"name":"suite","value":"Array feature"},{"name":"testClass","value":"Max Consecutive Ones"},{"name":"framework","value":"cucumber4jvm"},{"name":"language","value":"java"},{"name":"gherkin_uri","value":"file:///E:/Narmadha%20SDET/DSALGO_2/src/test/resources/Features/TC05_Array.feature"},{"name":"package","value":"src.test.resources.Features.TC05_Array_feature.Array feature"}],"links":[],"name":"Max Consecutive Ones","status":"broken","statusDetails":{"known":false,"muted":false,"flaky":false,"message":"Unable to find element with locator By.xpath: //h5[text()='Array']/..//a[text()='Get Started']\nFor documentation on this error, please visit: https://selenium.dev/exceptions/#no_such_element\nBuild info: version: '4.8.2', revision: '826dbfc730'\nSystem info: os.name: 'Windows 10', os.arch: 'amd64', os.version: '10.0', java.version: '19.0.2'\nDriver info: driver.version: RemoteWebDriver","trace":"org.openqa.selenium.NoSuchElementException: Unable to find element with locator By.xpath: //h5[text()='Array']/..//a[text()='Get Started']\nFor documentation on this error, please visit: https://selenium.dev/exceptions/#no_such_element\nBuild info: version: '4.8.2', revision: '826dbfc730'\nSystem info: os.name: 'Windows 10', os.arch: 'amd64', os.version: '10.0', java.version: '19.0.2'\nDriver info: driver.version: RemoteWebDriver\r\n\tat org.openqa.selenium.remote.ElementLocation$ElementFinder$2.findElement(ElementLocation.java:165)\r\n\tat org.openqa.selenium.remote.ElementLocation.findElement(ElementLocation.java:60)\r\n\tat org.openqa.selenium.remote.RemoteWebDriver.findElement(RemoteWebDriver.java:352)\r\n\tat org.openqa.selenium.remote.RemoteWebDriver.findElement(RemoteWebDriver.java:344)\r\n\tat org.openqa.selenium.support.pagefactory.DefaultElementLocator.findElement(DefaultElementLocator.java:70)\r\n\tat org.openqa.selenium.support.pagefactory.internal.LocatingElementHandler.invoke(LocatingElementHandler.java:39)\r\n\tat jdk.proxy2/jdk.proxy2.$Proxy27.click(Unknown Source)\r\n\tat PageObjectModel.ArrayPOM.clickOnGetStartedArray(ArrayPOM.java:97)\r\n\tat StepDefinition.ArraySD.the_user_click_on_get_started_button_in_array(ArraySD.java:15)\r\n\tat ✽.The user click on Get started button in Array(file:///E:/Narmadha%20SDET/DSALGO_2/src/test/resources/Features/TC05_Array.feature:81)\r\n"},"stage":"finished","steps":[{"name":"When  The user click on Get started button in Array","status":"broken","statusDetails":{"known":false,"muted":false,"flaky":false,"message":"Unable to find element with locator By.xpath: //h5[text()='Array']/..//a[text()='Get Started']\nFor documentation on this error, please visit: https://selenium.dev/exceptions/#no_such_element\nBuild info: version: '4.8.2', revision: '826dbfc730'\nSystem info: os.name: 'Windows 10', os.arch: 'amd64', os.version: '10.0', java.version: '19.0.2'\nDriver info: driver.version: RemoteWebDriver","trace":"org.openqa.selenium.NoSuchElementException: Unable to find element with locator By.xpath: //h5[text()='Array']/..//a[text()='Get Started']\nFor documentation on this error, please visit: https://selenium.dev/exceptions/#no_such_element\nBuild info: version: '4.8.2', revision: '826dbfc730'\nSystem info: os.name: 'Windows 10', os.arch: 'amd64', os.version: '10.0', java.version: '19.0.2'\nDriver info: driver.version: RemoteWebDriver\r\n\tat org.openqa.selenium.remote.ElementLocation$ElementFinder$2.findElement(ElementLocation.java:165)\r\n\tat org.openqa.selenium.remote.ElementLocation.findElement(ElementLocation.java:60)\r\n\tat org.openqa.selenium.remote.RemoteWebDriver.findElement(RemoteWebDriver.java:352)\r\n\tat org.openqa.selenium.remote.RemoteWebDriver.findElement(RemoteWebDriver.java:344)\r\n\tat org.openqa.selenium.support.pagefactory.DefaultElementLocator.findElement(DefaultElementLocator.java:70)\r\n\tat org.openqa.selenium.support.pagefactory.internal.LocatingElementHandler.invoke(LocatingElementHandler.java:39)\r\n\tat jdk.proxy2/jdk.proxy2.$Proxy27.click(Unknown Source)\r\n\tat PageObjectModel.ArrayPOM.clickOnGetStartedArray(ArrayPOM.java:97)\r\n\tat StepDefinition.ArraySD.the_user_click_on_get_started_button_in_array(ArraySD.java:15)\r\n\tat ✽.The user click on Get started button in Array(file:///E:/Narmadha%20SDET/DSALGO_2/src/test/resources/Features/TC05_Array.feature:81)\r\n"},"stage":"finished","steps":[],"attachments":[],"parameters":[],"start":1681508445418,"stop":1681508446202},{"name":"When  The user click the link  with title Applications of Array","status":"skipped","statusDetails":{"known":false,"muted":false,"flaky":false},"stage":"finished","steps":[],"attachments":[],"parameters":[],"start":1681508446204,"stop":1681508446205},{"name":"Then  The user click the link  with title Practice Questions","status":"skipped","statusDetails":{"known":false,"muted":false,"flaky":false},"stage":"finished","steps":[],"attachments":[],"parameters":[],"start":1681508446206,"stop":1681508446207},{"name":"When  The user click the link  with title Squares of Sorted Array","status":"skipped","statusDetails":{"known":false,"muted":false,"flaky":false},"stage":"finished","steps":[],"attachments":[],"parameters":[],"start":1681508446208,"stop":1681508446210},{"name":"Then  user is navigated to home page \"https://dsportalapp.herokuapp.com/home\"","status":"skipped","statusDetails":{"known":false,"muted":false,"flaky":false},"stage":"finished","steps":[],"attachments":[],"parameters":[],"start":1681508446213,"stop":1681508446214}],"attachments":[],"parameters":[],"start":1681508445417,"stop":1681508446216}