{"uuid":"4b599044-e30e-4681-b9c0-213706d67b3f","historyId":"2d4c04d65315527e287ddee8fb39b186","fullName":"Array feature: Practice Questions","labels":[{"name":"host","value":"DESKTOP-VM85FTM"},{"name":"thread","value":"44452@DESKTOP-VM85FTM.main(1)"},{"name":"feature","value":"Array feature"},{"name":"story","value":"Practice Questions"},{"name":"suite","value":"Array feature"},{"name":"testClass","value":"Practice Questions"},{"name":"framework","value":"cucumber4jvm"},{"name":"language","value":"java"},{"name":"gherkin_uri","value":"file:///E:/Narmadha%20SDET/DSALGO_2/src/test/resources/Features/TC05_Array.feature"},{"name":"package","value":"src.test.resources.Features.TC05_Array_feature.Array feature"}],"links":[],"name":"Practice Questions","status":"broken","statusDetails":{"known":false,"muted":false,"flaky":false,"message":"Unable to find element with locator By.xpath: //h5[text()='Array']/..//a[text()='Get Started']\nFor documentation on this error, please visit: https://selenium.dev/exceptions/#no_such_element\nBuild info: version: '4.8.2', revision: '826dbfc730'\nSystem info: os.name: 'Windows 10', os.arch: 'amd64', os.version: '10.0', java.version: '19.0.2'\nDriver info: driver.version: RemoteWebDriver","trace":"org.openqa.selenium.NoSuchElementException: Unable to find element with locator By.xpath: //h5[text()='Array']/..//a[text()='Get Started']\nFor documentation on this error, please visit: https://selenium.dev/exceptions/#no_such_element\nBuild info: version: '4.8.2', revision: '826dbfc730'\nSystem info: os.name: 'Windows 10', os.arch: 'amd64', os.version: '10.0', java.version: '19.0.2'\nDriver info: driver.version: RemoteWebDriver\r\n\tat org.openqa.selenium.remote.ElementLocation$ElementFinder$2.findElement(ElementLocation.java:165)\r\n\tat org.openqa.selenium.remote.ElementLocation.findElement(ElementLocation.java:60)\r\n\tat org.openqa.selenium.remote.RemoteWebDriver.findElement(RemoteWebDriver.java:352)\r\n\tat org.openqa.selenium.remote.RemoteWebDriver.findElement(RemoteWebDriver.java:344)\r\n\tat org.openqa.selenium.support.pagefactory.DefaultElementLocator.findElement(DefaultElementLocator.java:70)\r\n\tat org.openqa.selenium.support.pagefactory.internal.LocatingElementHandler.invoke(LocatingElementHandler.java:39)\r\n\tat jdk.proxy2/jdk.proxy2.$Proxy27.click(Unknown Source)\r\n\tat PageObjectModel.ArrayPOM.clickOnGetStartedArray(ArrayPOM.java:97)\r\n\tat StepDefinition.ArraySD.the_user_click_on_get_started_button_in_array(ArraySD.java:15)\r\n\tat ✽.The user click on Get started button in Array(file:///E:/Narmadha%20SDET/DSALGO_2/src/test/resources/Features/TC05_Array.feature:52)\r\n"},"stage":"finished","steps":[{"name":"When  The user click on Get started button in Array","status":"broken","statusDetails":{"known":false,"muted":false,"flaky":false,"message":"Unable to find element with locator By.xpath: //h5[text()='Array']/..//a[text()='Get Started']\nFor documentation on this error, please visit: https://selenium.dev/exceptions/#no_such_element\nBuild info: version: '4.8.2', revision: '826dbfc730'\nSystem info: os.name: 'Windows 10', os.arch: 'amd64', os.version: '10.0', java.version: '19.0.2'\nDriver info: driver.version: RemoteWebDriver","trace":"org.openqa.selenium.NoSuchElementException: Unable to find element with locator By.xpath: //h5[text()='Array']/..//a[text()='Get Started']\nFor documentation on this error, please visit: https://selenium.dev/exceptions/#no_such_element\nBuild info: version: '4.8.2', revision: '826dbfc730'\nSystem info: os.name: 'Windows 10', os.arch: 'amd64', os.version: '10.0', java.version: '19.0.2'\nDriver info: driver.version: RemoteWebDriver\r\n\tat org.openqa.selenium.remote.ElementLocation$ElementFinder$2.findElement(ElementLocation.java:165)\r\n\tat org.openqa.selenium.remote.ElementLocation.findElement(ElementLocation.java:60)\r\n\tat org.openqa.selenium.remote.RemoteWebDriver.findElement(RemoteWebDriver.java:352)\r\n\tat org.openqa.selenium.remote.RemoteWebDriver.findElement(RemoteWebDriver.java:344)\r\n\tat org.openqa.selenium.support.pagefactory.DefaultElementLocator.findElement(DefaultElementLocator.java:70)\r\n\tat org.openqa.selenium.support.pagefactory.internal.LocatingElementHandler.invoke(LocatingElementHandler.java:39)\r\n\tat jdk.proxy2/jdk.proxy2.$Proxy27.click(Unknown Source)\r\n\tat PageObjectModel.ArrayPOM.clickOnGetStartedArray(ArrayPOM.java:97)\r\n\tat StepDefinition.ArraySD.the_user_click_on_get_started_button_in_array(ArraySD.java:15)\r\n\tat ✽.The user click on Get started button in Array(file:///E:/Narmadha%20SDET/DSALGO_2/src/test/resources/Features/TC05_Array.feature:52)\r\n"},"stage":"finished","steps":[],"attachments":[],"parameters":[],"start":1681509043773,"stop":1681509044772},{"name":"When  The user click the link  with title Applications of Array","status":"skipped","statusDetails":{"known":false,"muted":false,"flaky":false},"stage":"finished","steps":[],"attachments":[],"parameters":[],"start":1681509044783,"stop":1681509044784},{"name":"Then  The user click the link  with title Practice Questions","status":"skipped","statusDetails":{"known":false,"muted":false,"flaky":false},"stage":"finished","steps":[],"attachments":[],"parameters":[],"start":1681509044787,"stop":1681509044787},{"name":"When  The user click the link  with title Search the array","status":"skipped","statusDetails":{"known":false,"muted":false,"flaky":false},"stage":"finished","steps":[],"attachments":[],"parameters":[],"start":1681509044788,"stop":1681509044790},{"name":"Then  user is navigated to home page \"https://dsportalapp.herokuapp.com/home\"","status":"skipped","statusDetails":{"known":false,"muted":false,"flaky":false},"stage":"finished","steps":[],"attachments":[],"parameters":[],"start":1681509044799,"stop":1681509044800}],"attachments":[],"parameters":[],"start":1681509043771,"stop":1681509044803}