{"uuid":"f5117aad-3c13-4f52-b3c5-044c9707a92a","historyId":"495c51772d5479733a91c0bdc7c9e808","fullName":"Stack: User validates Applications in stack","labels":[{"name":"host","value":"DESKTOP-VM85FTM"},{"name":"thread","value":"22460@DESKTOP-VM85FTM.main(1)"},{"name":"feature","value":"Stack"},{"name":"story","value":"User validates Applications in stack"},{"name":"suite","value":"Stack"},{"name":"testClass","value":"User validates Applications in stack"},{"name":"framework","value":"cucumber4jvm"},{"name":"language","value":"java"},{"name":"gherkin_uri","value":"file:///E:/Narmadha%20SDET/DSALGO_2/src/test/resources/Features/TC04_Stack.feature"},{"name":"package","value":"src.test.resources.Features.TC04_Stack_feature.Stack"}],"links":[],"name":"User validates Applications in stack","status":"failed","statusDetails":{"known":false,"muted":false,"flaky":false,"message":"Result do not match expected [SyntaxError: bad input] but found [NameError: name 'Stack_invalid' is not defined on line 1]","trace":"java.lang.AssertionError: Result do not match expected [SyntaxError: bad input] but found [NameError: name 'Stack_invalid' is not defined on line 1]\r\n\tat org.testng.Assert.fail(Assert.java:110)\r\n\tat org.testng.Assert.failNotEquals(Assert.java:1577)\r\n\tat org.testng.Assert.assertEqualsImpl(Assert.java:149)\r\n\tat org.testng.Assert.assertEquals(Assert.java:131)\r\n\tat org.testng.Assert.assertEquals(Assert.java:655)\r\n\tat StepDefinition.StackSD.clicks_on_run_button_in_applications_in_stack(StackSD.java:111)\r\n\tat ✽.clicks on Run button in Applications in Stack(file:///E:/Narmadha%20SDET/DSALGO_2/src/test/resources/Features/TC04_Stack.feature:35)\r\n"},"stage":"finished","steps":[{"name":"When  User clicks on Getstarted button under Stack","status":"passed","statusDetails":{"known":false,"muted":false,"flaky":false},"stage":"finished","steps":[],"attachments":[],"parameters":[],"start":1681245001815,"stop":1681245002669},{"name":"Then  User clicks on Applications in Stack","status":"passed","statusDetails":{"known":false,"muted":false,"flaky":false},"stage":"finished","steps":[],"attachments":[],"parameters":[],"start":1681245002673,"stop":1681245003617},{"name":"When  User clicks on Try here in Applications in Stack","status":"passed","statusDetails":{"known":false,"muted":false,"flaky":false},"stage":"finished","steps":[],"attachments":[],"parameters":[],"start":1681245003620,"stop":1681245005445},{"name":"When  User enters the invalid Python code in Applications in Stack","status":"passed","statusDetails":{"known":false,"muted":false,"flaky":false},"stage":"finished","steps":[],"attachments":[],"parameters":[],"start":1681245005451,"stop":1681245005725},{"name":"And  clicks on Run button in Applications in Stack","status":"failed","statusDetails":{"known":false,"muted":false,"flaky":false,"message":"Result do not match expected [SyntaxError: bad input] but found [NameError: name 'Stack_invalid' is not defined on line 1]","trace":"java.lang.AssertionError: Result do not match expected [SyntaxError: bad input] but found [NameError: name 'Stack_invalid' is not defined on line 1]\r\n\tat org.testng.Assert.fail(Assert.java:110)\r\n\tat org.testng.Assert.failNotEquals(Assert.java:1577)\r\n\tat org.testng.Assert.assertEqualsImpl(Assert.java:149)\r\n\tat org.testng.Assert.assertEquals(Assert.java:131)\r\n\tat org.testng.Assert.assertEquals(Assert.java:655)\r\n\tat StepDefinition.StackSD.clicks_on_run_button_in_applications_in_stack(StackSD.java:111)\r\n\tat ✽.clicks on Run button in Applications in Stack(file:///E:/Narmadha%20SDET/DSALGO_2/src/test/resources/Features/TC04_Stack.feature:35)\r\n"},"stage":"finished","steps":[],"attachments":[],"parameters":[],"start":1681245005726,"stop":1681245007074},{"name":"Then  user is navigated to home page \"https://dsportalapp.herokuapp.com/home\"","status":"skipped","statusDetails":{"known":false,"muted":false,"flaky":false},"stage":"finished","steps":[],"attachments":[],"parameters":[],"start":1681245007179,"stop":1681245007187}],"attachments":[],"parameters":[],"start":1681245001802,"stop":1681245007243}